<?xml version="1.0" encoding="UTF-8"?>
<!-- Generated by org.testng.reporters.JUnitReportReporter -->
<testsuite hostname="DESKTOP-A5CHD3A" failures="0" tests="6" name="com.testScripts.AddressTest" time="74.865" errors="0" timestamp="2024-07-15T17:15:42 IST" skipped="0">
  <testcase classname="com.testScripts.AddressTest" name="addAddressTes" time="12.009">
    <system-out>
      <![CDATA[Address added successfully.....]]>
    </system-out>
  </testcase> <!-- addAddressTes -->
  <testcase classname="com.testScripts.AddressTest" name="addAddressTes" time="11.184">
    <system-out>
      <![CDATA[Address added successfully.....]]>
    </system-out>
  </testcase> <!-- addAddressTes -->
  <testcase classname="com.testScripts.AddressTest" name="removeAddressTest" time="9.675">
    <system-out>
      <![CDATA[Address deleted successfully.....]]>
    </system-out>
  </testcase> <!-- removeAddressTest -->
  <testcase classname="com.testScripts.AddressTest" name="addAddressTes" time="13.099">
    <system-out>
      <![CDATA[Address added successfully.....]]>
    </system-out>
  </testcase> <!-- addAddressTes -->
  <testcase classname="com.testScripts.AddressTest" name="removeAddressTest" time="17.258">
    <system-out>
      <![CDATA[Address deleted successfully.....]]>
    </system-out>
  </testcase> <!-- removeAddressTest -->
  <testcase classname="com.testScripts.AddressTest" name="removeAddressTest" time="11.640">
    <system-out>
      <![CDATA[Address deleted successfully.....]]>
    </system-out>
  </testcase> <!-- removeAddressTest -->
  <system-out>
    <![CDATA[Address added successfully.....
Address added successfully.....
Address added successfully.....
Address deleted successfully.....
Address deleted successfully.....
Address deleted successfully.....
Product added to cart successfully.....
Product added to cart successfully.....
Product aremove from the cart successfully.....
Product aremove from the cart successfully.....]]>
  </system-out>
</testsuite> <!-- com.testScripts.AddressTest -->
