<?xml version="1.0" encoding="UTF-8"?>
<!-- Generated by org.testng.reporters.JUnitReportReporter -->
<testsuite hostname="DESKTOP-A5CHD3A" failures="0" tests="3" name="com.learning_TestNG.Enabled_Attribute" time="0.015" errors="0" timestamp="2024-07-11T17:42:50 IST" skipped="1">
  <testcase classname="com.learning_TestNG.Enabled_Attribute" name="loginTest" time="0.010">
    <system-out>
      <![CDATA[Executing Login Test Case]]>
    </system-out>
  </testcase> <!-- loginTest -->
  <testcase classname="com.learning_TestNG.Enabled_Attribute" name="purchaseTest" time="0.005">
    <system-out>
      <![CDATA[Executing Purchase Test Case]]>
    </system-out>
  </testcase> <!-- purchaseTest -->
  <testcase classname="com.learning_TestNG.Enabled_Attribute" name="registerTest">
    <skipped/>
  </testcase> <!-- registerTest -->
  <system-out>
    <![CDATA[Executing Login Test Case
Executing Purchase Test Case]]>
  </system-out>
</testsuite> <!-- com.learning_TestNG.Enabled_Attribute -->
