<?xml version="1.0" encoding="UTF-8"?>
<!-- Generated by org.testng.reporters.JUnitReportReporter -->
<testsuite hostname="DESKTOP-A5CHD3A" failures="0" tests="1" name="com.testScripts.Register_Test" time="9.198" errors="0" timestamp="2024-07-23T17:41:07 IST" skipped="0">
  <testcase classname="com.testScripts.Register_Test" name="registerTest" time="9.198"/>
</testsuite> <!-- com.testScripts.Register_Test -->
