<?xml version="1.0" encoding="UTF-8"?>
<!-- Generated by org.testng.reporters.JUnitReportReporter -->
<testsuite hostname="DESKTOP-A5CHD3A" failures="0" tests="5" name="com.learning_TestNG.Login_To_DWS" time="38.104" errors="0" timestamp="2024-07-17T17:01:21 IST" skipped="0">
  <testcase classname="com.learning_TestNG.Login_To_DWS" name="loginToDWSTest" time="9.316">
    <system-out>
      <![CDATA[User Logged in successfully....]]>
    </system-out>
  </testcase> <!-- loginToDWSTest -->
  <testcase classname="com.learning_TestNG.Login_To_DWS" name="loginToDWSTest" time="6.851">
    <system-out>
      <![CDATA[User Logged in successfully....]]>
    </system-out>
  </testcase> <!-- loginToDWSTest -->
  <testcase classname="com.learning_TestNG.Login_To_DWS" name="loginToDWSTest" time="7.091">
    <system-out>
      <![CDATA[User Logged in successfully....]]>
    </system-out>
  </testcase> <!-- loginToDWSTest -->
  <testcase classname="com.learning_TestNG.Login_To_DWS" name="loginToDWSTest" time="7.108">
    <system-out>
      <![CDATA[User Logged in successfully....]]>
    </system-out>
  </testcase> <!-- loginToDWSTest -->
  <testcase classname="com.learning_TestNG.Login_To_DWS" name="loginToDWSTest" time="7.738">
    <system-out>
      <![CDATA[User Logged in successfully....]]>
    </system-out>
  </testcase> <!-- loginToDWSTest -->
  <system-out>
    <![CDATA[User Logged in successfully....
User Logged in successfully....
User Logged in successfully....
User Logged in successfully....
User Logged in successfully....]]>
  </system-out>
</testsuite> <!-- com.learning_TestNG.Login_To_DWS -->
