<?xml version="1.0" encoding="UTF-8"?>
<!-- Generated by org.testng.reporters.JUnitReportReporter -->
<testsuite hostname="DESKTOP-A5CHD3A" failures="0" tests="3" name="com.learning_TestNG.Depends_On_Methods_Attribute" time="0.016" errors="0" timestamp="2024-07-11T17:31:55 IST" skipped="0">
  <testcase classname="com.learning_TestNG.Depends_On_Methods_Attribute" name="purchaseTest" time="0.003">
    <system-out>
      <![CDATA[Executing Purchase Test Case]]>
    </system-out>
  </testcase> <!-- purchaseTest -->
  <testcase classname="com.learning_TestNG.Depends_On_Methods_Attribute" name="loginTest" time="0.001">
    <system-out>
      <![CDATA[Executing Login Test Case]]>
    </system-out>
  </testcase> <!-- loginTest -->
  <testcase classname="com.learning_TestNG.Depends_On_Methods_Attribute" name="registerTest" time="0.012">
    <system-out>
      <![CDATA[Executing Register Test Case]]>
    </system-out>
  </testcase> <!-- registerTest -->
  <system-out>
    <![CDATA[Executing Register Test Case
Executing Login Test Case
Executing Purchase Test Case]]>
  </system-out>
</testsuite> <!-- com.learning_TestNG.Depends_On_Methods_Attribute -->
