<?xml version="1.0" encoding="UTF-8"?>
<!-- Generated by org.testng.reporters.JUnitReportReporter -->
<testsuite hostname="DESKTOP-A5CHD3A" failures="0" tests="1" name="com.testScripts.ShoppingCartTest" time="7.280" errors="0" timestamp="2024-07-22T18:04:01 IST" skipped="0">
  <testcase classname="com.testScripts.ShoppingCartTest" name="addToCartTest" time="7.280">
    <system-out>
      <![CDATA[Product added to cart successfully.....]]>
    </system-out>
  </testcase> <!-- addToCartTest -->
  <system-out>
    <![CDATA[Product added to cart successfully.....]]>
  </system-out>
</testsuite> <!-- com.testScripts.ShoppingCartTest -->
