<?xml version="1.0" encoding="UTF-8"?>
<!-- Generated by org.testng.reporters.JUnitReportReporter -->
<testsuite hostname="DESKTOP-A5CHD3A" failures="0" tests="5" name="com.learning_TestNG.Invocation_Count_Attribute" time="36.423" errors="0" timestamp="2024-07-11T17:57:05 IST" skipped="0">
  <testcase classname="com.learning_TestNG.Invocation_Count_Attribute" name="loginToDWSTest" time="7.041">
    <system-out>
      <![CDATA[User Logged in successfully....]]>
    </system-out>
  </testcase> <!-- loginToDWSTest -->
  <testcase classname="com.learning_TestNG.Invocation_Count_Attribute" name="loginToDWSTest" time="7.450">
    <system-out>
      <![CDATA[User Logged in successfully....]]>
    </system-out>
  </testcase> <!-- loginToDWSTest -->
  <testcase classname="com.learning_TestNG.Invocation_Count_Attribute" name="loginToDWSTest" time="7.625">
    <system-out>
      <![CDATA[User Logged in successfully....]]>
    </system-out>
  </testcase> <!-- loginToDWSTest -->
  <testcase classname="com.learning_TestNG.Invocation_Count_Attribute" name="loginToDWSTest" time="7.266">
    <system-out>
      <![CDATA[User Logged in successfully....]]>
    </system-out>
  </testcase> <!-- loginToDWSTest -->
  <testcase classname="com.learning_TestNG.Invocation_Count_Attribute" name="loginToDWSTest" time="7.041">
    <system-out>
      <![CDATA[User Logged in successfully....]]>
    </system-out>
  </testcase> <!-- loginToDWSTest -->
  <system-out>
    <![CDATA[User Logged in successfully....
User Logged in successfully....
User Logged in successfully....
User Logged in successfully....
User Logged in successfully....]]>
  </system-out>
</testsuite> <!-- com.learning_TestNG.Invocation_Count_Attribute -->
