<?xml version="1.0" encoding="UTF-8"?>
<!-- Generated by org.testng.reporters.JUnitReportReporter -->
<testsuite hostname="DESKTOP-A5CHD3A" failures="0" tests="10" name="com.learning_Data_Driven_Testing.Fetching_Multiple_Data_From_Excel" time="71.923" errors="0" timestamp="2024-07-19T17:41:10 IST" skipped="0">
  <testcase classname="com.learning_Data_Driven_Testing.Fetching_Multiple_Data_From_Excel" name="flipkartSearch" time="7.974"/>
  <testcase classname="com.learning_Data_Driven_Testing.Fetching_Multiple_Data_From_Excel" name="flipkartSearch" time="6.843"/>
  <testcase classname="com.learning_Data_Driven_Testing.Fetching_Multiple_Data_From_Excel" name="flipkartSearch" time="7.106"/>
  <testcase classname="com.learning_Data_Driven_Testing.Fetching_Multiple_Data_From_Excel" name="flipkartSearch" time="6.897"/>
  <testcase classname="com.learning_Data_Driven_Testing.Fetching_Multiple_Data_From_Excel" name="flipkartSearch" time="7.059"/>
  <testcase classname="com.learning_Data_Driven_Testing.Fetching_Multiple_Data_From_Excel" name="flipkartSearch" time="7.068"/>
  <testcase classname="com.learning_Data_Driven_Testing.Fetching_Multiple_Data_From_Excel" name="flipkartSearch" time="7.202"/>
  <testcase classname="com.learning_Data_Driven_Testing.Fetching_Multiple_Data_From_Excel" name="flipkartSearch" time="7.184"/>
  <testcase classname="com.learning_Data_Driven_Testing.Fetching_Multiple_Data_From_Excel" name="flipkartSearch" time="7.265"/>
  <testcase classname="com.learning_Data_Driven_Testing.Fetching_Multiple_Data_From_Excel" name="flipkartSearch" time="7.325"/>
</testsuite> <!-- com.learning_Data_Driven_Testing.Fetching_Multiple_Data_From_Excel -->
