<?xml version="1.0" encoding="UTF-8"?>
<!-- Generated by org.testng.reporters.JUnitReportReporter -->
<testsuite hostname="DESKTOP-A5CHD3A" failures="0" tests="2" name="com.learning_TestNG.Learning_Configuration_Annotations" time="0.007" errors="0" timestamp="2024-07-12T17:09:36 IST" skipped="0">
  <testcase classname="com.learning_TestNG.Learning_Configuration_Annotations" name="removeFromCart" time="0.003">
    <system-out>
      <![CDATA[Executing Remove From Cart Test....]]>
    </system-out>
  </testcase> <!-- removeFromCart -->
  <testcase classname="com.learning_TestNG.Learning_Configuration_Annotations" name="addToCart" time="0.004">
    <system-out>
      <![CDATA[Executing Add To Cart Test....]]>
    </system-out>
  </testcase> <!-- addToCart -->
  <system-out>
    <![CDATA[Executing Before Suite....
Executing Before Test....
Executing Before Class....
Executing Before Method....
Executing Add To Cart Test....
Executing After Method....
Executing Before Method....
Executing Remove From Cart Test....
Executing After Method....
Executing After Class....
Executing After Test....
Executing After Suite....]]>
  </system-out>
</testsuite> <!-- com.learning_TestNG.Learning_Configuration_Annotations -->
