<?xml version="1.0" encoding="UTF-8"?>
<!-- Generated by org.testng.reporters.JUnitReportReporter -->
<testsuite hostname="DESKTOP-A5CHD3A" failures="0" tests="1" name="com.learning_TestNG.Learning_Soft_Assert" time="8.409" errors="0" timestamp="2024-07-16T14:19:53 IST" skipped="0">
  <testcase classname="com.learning_TestNG.Learning_Soft_Assert" name="loginTest" time="8.409"/>
</testsuite> <!-- com.learning_TestNG.Learning_Soft_Assert -->
