<?xml version="1.0" encoding="UTF-8"?>
<!-- Generated by org.testng.reporters.JUnitReportReporter -->
<testsuite hostname="DESKTOP-A5CHD3A" failures="0" tests="1" name="com.learning_Data_Driven_Testing.Fetching_Data_From_Properties_File" time="10.099" errors="0" timestamp="2024-07-18T17:01:22 IST" skipped="0">
  <testcase classname="com.learning_Data_Driven_Testing.Fetching_Data_From_Properties_File" name="loginToDWS" time="10.099">
    <system-out>
      <![CDATA[User Logged in successfully....]]>
    </system-out>
  </testcase> <!-- loginToDWS -->
  <system-out>
    <![CDATA[User Logged in successfully....]]>
  </system-out>
</testsuite> <!-- com.learning_Data_Driven_Testing.Fetching_Data_From_Properties_File -->
