<?xml version="1.0" encoding="UTF-8"?>
<!-- Generated by org.testng.reporters.JUnitReportReporter -->
<testsuite hostname="DESKTOP-A5CHD3A" failures="0" tests="1" name="com.learning_Data_Driven_Testing.Fetching_Single_Data_From_Excel_File" time="8.781" errors="0" timestamp="2024-07-19T16:46:15 IST" skipped="0">
  <testcase classname="com.learning_Data_Driven_Testing.Fetching_Single_Data_From_Excel_File" name="flipkartSearch" time="8.781"/>
</testsuite> <!-- com.learning_Data_Driven_Testing.Fetching_Single_Data_From_Excel_File -->
