<?xml version="1.0" encoding="UTF-8"?>
<!-- Generated by org.testng.reporters.JUnitReportReporter -->
<testsuite hostname="DESKTOP-A5CHD3A" failures="0" tests="10" name="com.learning_TestNG.Thread_Pool_Size_Attribute" time="71.973" errors="0" timestamp="2024-07-11T18:02:10 IST" skipped="0">
  <testcase classname="com.learning_TestNG.Thread_Pool_Size_Attribute" name="loginToDWSTest" time="7.708">
    <system-out>
      <![CDATA[User Logged in successfully....]]>
    </system-out>
  </testcase> <!-- loginToDWSTest -->
  <testcase classname="com.learning_TestNG.Thread_Pool_Size_Attribute" name="loginToDWSTest" time="6.889">
    <system-out>
      <![CDATA[User Logged in successfully....]]>
    </system-out>
  </testcase> <!-- loginToDWSTest -->
  <testcase classname="com.learning_TestNG.Thread_Pool_Size_Attribute" name="loginToDWSTest" time="7.201">
    <system-out>
      <![CDATA[User Logged in successfully....]]>
    </system-out>
  </testcase> <!-- loginToDWSTest -->
  <testcase classname="com.learning_TestNG.Thread_Pool_Size_Attribute" name="loginToDWSTest" time="7.092">
    <system-out>
      <![CDATA[User Logged in successfully....]]>
    </system-out>
  </testcase> <!-- loginToDWSTest -->
  <testcase classname="com.learning_TestNG.Thread_Pool_Size_Attribute" name="loginToDWSTest" time="6.914">
    <system-out>
      <![CDATA[User Logged in successfully....]]>
    </system-out>
  </testcase> <!-- loginToDWSTest -->
  <testcase classname="com.learning_TestNG.Thread_Pool_Size_Attribute" name="loginToDWSTest" time="7.029">
    <system-out>
      <![CDATA[User Logged in successfully....]]>
    </system-out>
  </testcase> <!-- loginToDWSTest -->
  <testcase classname="com.learning_TestNG.Thread_Pool_Size_Attribute" name="loginToDWSTest" time="7.783">
    <system-out>
      <![CDATA[User Logged in successfully....]]>
    </system-out>
  </testcase> <!-- loginToDWSTest -->
  <testcase classname="com.learning_TestNG.Thread_Pool_Size_Attribute" name="loginToDWSTest" time="7.378">
    <system-out>
      <![CDATA[User Logged in successfully....]]>
    </system-out>
  </testcase> <!-- loginToDWSTest -->
  <testcase classname="com.learning_TestNG.Thread_Pool_Size_Attribute" name="loginToDWSTest" time="7.179">
    <system-out>
      <![CDATA[User Logged in successfully....]]>
    </system-out>
  </testcase> <!-- loginToDWSTest -->
  <testcase classname="com.learning_TestNG.Thread_Pool_Size_Attribute" name="loginToDWSTest" time="6.800">
    <system-out>
      <![CDATA[User Logged in successfully....]]>
    </system-out>
  </testcase> <!-- loginToDWSTest -->
  <system-out>
    <![CDATA[User Logged in successfully....
User Logged in successfully....
User Logged in successfully....
User Logged in successfully....
User Logged in successfully....
User Logged in successfully....
User Logged in successfully....
User Logged in successfully....
User Logged in successfully....
User Logged in successfully....]]>
  </system-out>
</testsuite> <!-- com.learning_TestNG.Thread_Pool_Size_Attribute -->
