<?xml version="1.0" encoding="UTF-8"?>
<!-- Generated by org.testng.reporters.JUnitReportReporter -->
<testsuite hostname="DESKTOP-A5CHD3A" failures="0" tests="1" name="com.learning_TestNG.Learning_Extent_Report" time="6.671" errors="0" timestamp="2024-07-22T17:39:02 IST" skipped="0">
  <testcase classname="com.learning_TestNG.Learning_Extent_Report" name="loginToDWS" time="6.671"/>
</testsuite> <!-- com.learning_TestNG.Learning_Extent_Report -->
